<?xml version="1.0" encoding="UTF-8"?>
<!-- Generated by org.testng.reporters.JUnitXMLReporter -->
<testsuite hostname="OfficeLaptopRit" ignored="0" name="Zoho App Test" tests="2" failures="1" timestamp="2020-06-30T21:00:10 IST" time="14.063" errors="0">
  <testcase name="loginTest" time="2.686" classname="com.practice.testcases.LoginTest">
    <failure type="java.lang.AssertionError" message="Login Test Failed">
      <![CDATA[java.lang.AssertionError: Login Test Failed
at com.practice.testcases.LoginTest.loginTest(LoginTest.java:23)
at java.util.ArrayList.forEach(ArrayList.java:1257)
... Removed 32 stack frames]]>
    </failure>
  </testcase> <!-- loginTest -->
  <testcase name="createAccountTest" time="9.12" classname="com.practice.testcases.CreateAccountTest"/>
</testsuite> <!-- Zoho App Test -->
